[2025-10-30 13:29:39] [INFO] XXXXXXXXXXXXXXXXXXXXXXXXXXXXXXXXXXXXXXXXXXXXXXXXXXXXXXXXXXXX
[2025-10-30 13:29:39] [INFO] Iniciando automação Agilizone Hashtag...
[2025-10-30 13:29:39] [INFO] Modo atual: PRODUÇÃO
[2025-10-30 13:29:40] [INFO] Preparando execução multithread (2 threads)...
[2025-10-30 13:29:40] [DEBUG] Tamanhos dos lotes: [5, 5]
[2025-10-30 13:29:40] [INFO] >>>> EXECUÇÃO MULTITHREAD PARA A DATA: 29/10/2025 <<<<
[2025-10-30 13:33:49] [INFO] ======================================
[2025-10-30 13:33:49] [INFO] 📊 RESUMO FINAL DE CAPTURA DE DADOS:
[2025-10-30 13:33:49] [INFO]   - ARRETADO DOCES: PENDENTE
[2025-10-30 13:33:49] [INFO]   - BEBELU SANDUICHES - Glória Mall: SUCESSO
[2025-10-30 13:33:49] [INFO]   - BOCA BURGUER: SUCESSO
[2025-10-30 13:33:49] [INFO]   - BRAYAN BURGER SUL: SUCESSO
[2025-10-30 13:33:49] [INFO]   - BUTECO DONA MARIA: SUCESSO
[2025-10-30 13:33:49] [SUCCESS] Resumo geral → SUCESSO: 4; AVISO QUALIDADE: 0; PENDENTE: 1
[2025-10-30 13:36:16] [INFO] ======================================
[2025-10-30 13:36:16] [INFO] 📊 RESUMO FINAL DE CAPTURA DE DADOS:
[2025-10-30 13:36:16] [INFO]   - CALORENTOS BURGUER: SUCESSO
[2025-10-30 13:36:16] [INFO]   - CAMARAO TO GO PARANGABA: SUCESSO (AVISO QUALIDADE)
[2025-10-30 13:36:16] [INFO]   - CATATAU LANCHES: SUCESSO
[2025-10-30 13:36:16] [INFO]   - Center Um - DE BEM COM A VIDA: SUCESSO
[2025-10-30 13:36:16] [INFO]   - CHEPPITOS 13 DE MAIO: SUCESSO
[2025-10-30 13:36:16] [SUCCESS] Resumo geral → SUCESSO: 4; AVISO QUALIDADE: 1; PENDENTE: 0
[2025-10-30 13:36:16] [SUCCESS] ✅ CSV final mesclado gerado: resumo_entregadores_FINAL_29-10-2025_20251030_133616.csv (total 312 linhas)
[2025-10-30 13:36:16] [SUCCESS] ✅ Execução multithread concluída com sucesso.
[2025-10-30 13:36:16] [INFO] Duração total: 0:06:36.635358
[2025-10-30 13:36:16] [INFO] XXXXXXXXXXXXXXXXXXXXXXXXXXXXXXXXXXXXXXXXXXXXXXXXXXXXXXXXXXXX
[2025-10-30 14:08:34] [INFO] XXXXXXXXXXXXXXXXXXXXXXXXXXXXXXXXXXXXXXXXXXXXXXXXXXXXXXXXXXXX
[2025-10-30 14:08:34] [INFO] Iniciando automação Agilizone Hashtag...
[2025-10-30 14:08:34] [INFO] Modo atual: PRODUÇÃO
[2025-10-30 14:08:34] [INFO] Preparando execução multithread (2 threads)...
[2025-10-30 14:08:34] [DEBUG] Tamanhos dos lotes: [5, 5]
[2025-10-30 14:08:34] [INFO] >>>> EXECUÇÃO MULTITHREAD PARA A DATA: 29/10/2025 <<<<
[2025-10-30 14:11:51] [INFO] ======================================
[2025-10-30 14:11:51] [INFO] 📊 RESUMO FINAL DE CAPTURA DE DADOS:
[2025-10-30 14:11:51] [INFO]   - ARRETADO DOCES: PENDENTE
[2025-10-30 14:11:51] [INFO]   - BEBELU SANDUICHES - Glória Mall: SUCESSO
[2025-10-30 14:11:51] [INFO]   - BOCA BURGUER: SUCESSO
[2025-10-30 14:11:51] [INFO]   - BRAYAN BURGER SUL: SUCESSO
[2025-10-30 14:11:51] [INFO]   - BUTECO DONA MARIA: SUCESSO
[2025-10-30 14:11:51] [SUCCESS] Resumo geral → SUCESSO: 4; AVISO QUALIDADE: 0; PENDENTE: 1
[2025-10-30 14:11:58] [INFO] ======================================
[2025-10-30 14:11:58] [INFO] 📊 RESUMO FINAL DE CAPTURA DE DADOS:
[2025-10-30 14:11:58] [INFO]   - CALORENTOS BURGUER: SUCESSO
[2025-10-30 14:11:58] [INFO]   - CAMARAO TO GO PARANGABA: SUCESSO
[2025-10-30 14:11:58] [INFO]   - CATATAU LANCHES: SUCESSO
[2025-10-30 14:11:58] [INFO]   - Center Um - DE BEM COM A VIDA: SUCESSO
[2025-10-30 14:11:58] [INFO]   - CHEPPITOS 13 DE MAIO: SUCESSO
[2025-10-30 14:11:58] [SUCCESS] Resumo geral → SUCESSO: 5; AVISO QUALIDADE: 0; PENDENTE: 0
[2025-10-30 14:11:58] [SUCCESS] ✅ CSV final mesclado gerado: resumo_entregadores_FINAL_29-10-2025_20251030_141158.csv (total 413 linhas)
[2025-10-30 14:11:58] [SUCCESS] ✅ Execução multithread concluída com sucesso.
[2025-10-30 14:11:58] [INFO] Duração total: 0:03:23.919947
[2025-10-30 14:11:58] [INFO] XXXXXXXXXXXXXXXXXXXXXXXXXXXXXXXXXXXXXXXXXXXXXXXXXXXXXXXXXXXX
[2025-10-30 14:23:19] [INFO] XXXXXXXXXXXXXXXXXXXXXXXXXXXXXXXXXXXXXXXXXXXXXXXXXXXXXXXXXXXX
[2025-10-30 14:23:19] [INFO] Iniciando automação Agilizone Hashtag...
[2025-10-30 14:23:19] [INFO] Modo atual: PRODUÇÃO
[2025-10-30 14:23:20] [INFO] Preparando execução multithread (2 threads)...
[2025-10-30 14:23:20] [DEBUG] Tamanhos dos lotes: [5, 5]
[2025-10-30 14:23:20] [INFO] >>>> EXECUÇÃO MULTITHREAD PARA A DATA: 29/10/2025 <<<<
[2025-10-30 14:26:42] [INFO] ======================================
[2025-10-30 14:26:42] [INFO] 📊 RESUMO FINAL DE CAPTURA DE DADOS:
[2025-10-30 14:26:42] [INFO]   - ARRETADO DOCES: PENDENTE
[2025-10-30 14:26:42] [INFO]   - BEBELU SANDUICHES - Glória Mall: SUCESSO
[2025-10-30 14:26:42] [INFO]   - BOCA BURGUER: SUCESSO
[2025-10-30 14:26:42] [INFO]   - BRAYAN BURGER SUL: SUCESSO
[2025-10-30 14:26:42] [INFO]   - BUTECO DONA MARIA: SUCESSO
[2025-10-30 14:26:42] [SUCCESS] Resumo geral → SUCESSO: 4; AVISO QUALIDADE: 0; PENDENTE: 1
[2025-10-30 14:26:53] [INFO] ======================================
[2025-10-30 14:26:53] [INFO] 📊 RESUMO FINAL DE CAPTURA DE DADOS:
[2025-10-30 14:26:53] [INFO]   - CALORENTOS BURGUER: SUCESSO
[2025-10-30 14:26:53] [INFO]   - CAMARAO TO GO PARANGABA: SUCESSO
[2025-10-30 14:26:53] [INFO]   - CATATAU LANCHES: SUCESSO
[2025-10-30 14:26:53] [INFO]   - Center Um - DE BEM COM A VIDA: SUCESSO
[2025-10-30 14:26:53] [INFO]   - CHEPPITOS 13 DE MAIO: SUCESSO
[2025-10-30 14:26:53] [SUCCESS] Resumo geral → SUCESSO: 5; AVISO QUALIDADE: 0; PENDENTE: 0
[2025-10-30 14:26:53] [SUCCESS] ✅ CSV final mesclado gerado: base/resumo_entregadores_FINAL_29-10-2025_20251030_142653.csv (total 413 linhas)
[2025-10-30 14:26:53] [SUCCESS] ✅ Execução multithread concluída com sucesso.
[2025-10-30 14:26:53] [INFO] Duração total: 0:03:33.234721
[2025-10-30 14:26:53] [INFO] XXXXXXXXXXXXXXXXXXXXXXXXXXXXXXXXXXXXXXXXXXXXXXXXXXXXXXXXXXXX
